
============================================================
CRASH: 2026-03-09T19:21:31.107318
============================================================
Traceback (most recent call last):
  File "/home/firat-bulut/moruk-os-test/main.py", line 112, in <module>
    main()
  File "/home/firat-bulut/moruk-os-test/main.py", line 101, in main
    window = MainWindow(startup_result=result)
             ^^^^^^^^^^^^^^^^^^^^^^^^^^^^^^^^^
  File "/home/firat-bulut/moruk-os-test/ui/main_window.py", line 906, in __init__
    deepthink=self.tool_router.deepthink,
              ^^^^^^^^^^^^^^^^^^^^^^^^^^
AttributeError: 'ToolRouter' object has no attribute 'deepthink'


============================================================
CRASH: 2026-03-09T20:29:27.534963
============================================================
Traceback (most recent call last):
  File "/home/firat-bulut/moruk-os-test/ui/main_window.py", line 1528, in _send_message
    context = self.context_router.build_context(
              ^^^^^^^^^^^^^^^^^^^^^^^^^^^^^^^^^^
  File "/home/firat-bulut/moruk-os-test/core/context_router.py", line 162, in build_context
    ctx = tasks.get_task_context()
          ^^^^^^^^^^^^^^^^^^^^^^
AttributeError: 'TaskManager' object has no attribute 'get_task_context'

